
*** Running vivado
    with args -log basicZturn_addition_0_0.vds -m64 -product Vivado -mode batch -messageDb vivado.pb -notrace -source basicZturn_addition_0_0.tcl


****** Vivado v2016.4 (64-bit)
  **** SW Build 1756540 on Mon Jan 23 19:11:23 MST 2017
  **** IP Build 1755317 on Mon Jan 23 20:30:07 MST 2017
    ** Copyright 1986-2016 Xilinx, Inc. All Rights Reserved.

source basicZturn_addition_0_0.tcl -notrace
Command: synth_design -top basicZturn_addition_0_0 -part xc7z020clg400-1 -mode out_of_context
Starting synth_design
Attempting to get a license for feature 'Synthesis' and/or device 'xc7z020'
INFO: [Common 17-349] Got license for feature 'Synthesis' and/or device 'xc7z020'
INFO: Launching helper process for spawning children vivado processes
INFO: Helper process launched with PID 4636 
---------------------------------------------------------------------------------
Starting RTL Elaboration : Time (s): cpu = 00:00:05 ; elapsed = 00:00:10 . Memory (MB): peak = 301.953 ; gain = 91.676
---------------------------------------------------------------------------------
INFO: [Synth 8-638] synthesizing module 'basicZturn_addition_0_0' [c:/Users/vivoz/Documents/WORK_FPGA/Xilinx/Vivado_project_on_Zturn/with_new_board_def_file/ver201604template/ver201604template.srcs/sources_1/bd/basicZturn/ip/basicZturn_addition_0_0/synth/basicZturn_addition_0_0.v:57]
INFO: [Synth 8-638] synthesizing module 'addition_v1_0' [c:/Users/vivoz/Documents/WORK_FPGA/Xilinx/Vivado_project_on_Zturn/with_new_board_def_file/ver201604template/ver201604template.srcs/sources_1/bd/basicZturn/ipshared/2080/hdl/addition_v1_0.v:4]
	Parameter C_S00_AXI_DATA_WIDTH bound to: 32 - type: integer 
	Parameter C_S00_AXI_ADDR_WIDTH bound to: 4 - type: integer 
INFO: [Synth 8-638] synthesizing module 'addition_v1_0_S00_AXI' [c:/Users/vivoz/Documents/WORK_FPGA/Xilinx/Vivado_project_on_Zturn/with_new_board_def_file/ver201604template/ver201604template.srcs/sources_1/bd/basicZturn/ipshared/2080/hdl/addition_v1_0_S00_AXI.v:4]
	Parameter C_S_AXI_DATA_WIDTH bound to: 32 - type: integer 
	Parameter C_S_AXI_ADDR_WIDTH bound to: 4 - type: integer 
	Parameter ADDR_LSB bound to: 2 - type: integer 
	Parameter OPT_MEM_ADDR_BITS bound to: 1 - type: integer 
INFO: [Synth 8-226] default block is never used [c:/Users/vivoz/Documents/WORK_FPGA/Xilinx/Vivado_project_on_Zturn/with_new_board_def_file/ver201604template/ver201604template.srcs/sources_1/bd/basicZturn/ipshared/2080/hdl/addition_v1_0_S00_AXI.v:223]
INFO: [Synth 8-226] default block is never used [c:/Users/vivoz/Documents/WORK_FPGA/Xilinx/Vivado_project_on_Zturn/with_new_board_def_file/ver201604template/ver201604template.srcs/sources_1/bd/basicZturn/ipshared/2080/hdl/addition_v1_0_S00_AXI.v:364]
INFO: [Synth 8-638] synthesizing module 'addition_main' [c:/Users/vivoz/Documents/WORK_FPGA/Xilinx/Vivado_project_on_Zturn/with_new_board_def_file/ver201604template/ver201604template.srcs/sources_1/bd/basicZturn/ver201604template/addition_main.v:23]
INFO: [Synth 8-256] done synthesizing module 'addition_main' (1#1) [c:/Users/vivoz/Documents/WORK_FPGA/Xilinx/Vivado_project_on_Zturn/with_new_board_def_file/ver201604template/ver201604template.srcs/sources_1/bd/basicZturn/ver201604template/addition_main.v:23]
INFO: [Synth 8-256] done synthesizing module 'addition_v1_0_S00_AXI' (2#1) [c:/Users/vivoz/Documents/WORK_FPGA/Xilinx/Vivado_project_on_Zturn/with_new_board_def_file/ver201604template/ver201604template.srcs/sources_1/bd/basicZturn/ipshared/2080/hdl/addition_v1_0_S00_AXI.v:4]
INFO: [Synth 8-256] done synthesizing module 'addition_v1_0' (3#1) [c:/Users/vivoz/Documents/WORK_FPGA/Xilinx/Vivado_project_on_Zturn/with_new_board_def_file/ver201604template/ver201604template.srcs/sources_1/bd/basicZturn/ipshared/2080/hdl/addition_v1_0.v:4]
INFO: [Synth 8-256] done synthesizing module 'basicZturn_addition_0_0' (4#1) [c:/Users/vivoz/Documents/WORK_FPGA/Xilinx/Vivado_project_on_Zturn/with_new_board_def_file/ver201604template/ver201604template.srcs/sources_1/bd/basicZturn/ip/basicZturn_addition_0_0/synth/basicZturn_addition_0_0.v:57]
WARNING: [Synth 8-3331] design addition_v1_0_S00_AXI has unconnected port S_AXI_AWPROT[2]
WARNING: [Synth 8-3331] design addition_v1_0_S00_AXI has unconnected port S_AXI_AWPROT[1]
WARNING: [Synth 8-3331] design addition_v1_0_S00_AXI has unconnected port S_AXI_AWPROT[0]
WARNING: [Synth 8-3331] design addition_v1_0_S00_AXI has unconnected port S_AXI_ARPROT[2]
WARNING: [Synth 8-3331] design addition_v1_0_S00_AXI has unconnected port S_AXI_ARPROT[1]
WARNING: [Synth 8-3331] design addition_v1_0_S00_AXI has unconnected port S_AXI_ARPROT[0]
---------------------------------------------------------------------------------
Finished RTL Elaboration : Time (s): cpu = 00:00:06 ; elapsed = 00:00:11 . Memory (MB): peak = 339.352 ; gain = 129.074
---------------------------------------------------------------------------------

Report Check Netlist: 
+------+------------------+-------+---------+-------+------------------+
|      |Item              |Errors |Warnings |Status |Description       |
+------+------------------+-------+---------+-------+------------------+
|1     |multi_driven_nets |      0|        0|Passed |Multi driven nets |
+------+------------------+-------+---------+-------+------------------+
---------------------------------------------------------------------------------
Finished RTL Optimization Phase 1 : Time (s): cpu = 00:00:06 ; elapsed = 00:00:11 . Memory (MB): peak = 339.352 ; gain = 129.074
---------------------------------------------------------------------------------
INFO: [Device 21-403] Loading part xc7z020clg400-1
INFO: [Project 1-570] Preparing netlist for logic optimization

Processing XDC Constraints
Initializing timing engine
Completed Processing XDC Constraints

INFO: [Project 1-111] Unisim Transformation Summary:
No Unisim elements were transformed.

Constraint Validation Runtime : Time (s): cpu = 00:00:00 ; elapsed = 00:00:00.020 . Memory (MB): peak = 649.340 ; gain = 0.055
---------------------------------------------------------------------------------
Finished Constraint Validation : Time (s): cpu = 00:00:14 ; elapsed = 00:00:20 . Memory (MB): peak = 649.340 ; gain = 439.063
---------------------------------------------------------------------------------
---------------------------------------------------------------------------------
Start Loading Part and Timing Information
---------------------------------------------------------------------------------
Loading part: xc7z020clg400-1
---------------------------------------------------------------------------------
Finished Loading Part and Timing Information : Time (s): cpu = 00:00:14 ; elapsed = 00:00:20 . Memory (MB): peak = 649.340 ; gain = 439.063
---------------------------------------------------------------------------------
---------------------------------------------------------------------------------
Start Applying 'set_property' XDC Constraints
---------------------------------------------------------------------------------
---------------------------------------------------------------------------------
Finished applying 'set_property' XDC Constraints : Time (s): cpu = 00:00:14 ; elapsed = 00:00:20 . Memory (MB): peak = 649.340 ; gain = 439.063
---------------------------------------------------------------------------------
---------------------------------------------------------------------------------
Finished RTL Optimization Phase 2 : Time (s): cpu = 00:00:14 ; elapsed = 00:00:20 . Memory (MB): peak = 649.340 ; gain = 439.063
---------------------------------------------------------------------------------

Report RTL Partitions: 
+-+--------------+------------+----------+
| |RTL Partition |Replication |Instances |
+-+--------------+------------+----------+
+-+--------------+------------+----------+
---------------------------------------------------------------------------------
Start RTL Component Statistics 
---------------------------------------------------------------------------------
Detailed RTL Component Info : 
+---Registers : 
	               32 Bit    Registers := 4     
	                4 Bit    Registers := 2     
	                2 Bit    Registers := 2     
	                1 Bit    Registers := 5     
+---Muxes : 
	   2 Input     32 Bit        Muxes := 3     
	   4 Input     32 Bit        Muxes := 4     
	   2 Input      1 Bit        Muxes := 4     
---------------------------------------------------------------------------------
Finished RTL Component Statistics 
---------------------------------------------------------------------------------
---------------------------------------------------------------------------------
Start RTL Hierarchical Component Statistics 
---------------------------------------------------------------------------------
Hierarchical RTL Component report 
Module addition_v1_0_S00_AXI 
Detailed RTL Component Info : 
+---Registers : 
	               32 Bit    Registers := 4     
	                4 Bit    Registers := 2     
	                2 Bit    Registers := 2     
	                1 Bit    Registers := 5     
+---Muxes : 
	   2 Input     32 Bit        Muxes := 3     
	   4 Input     32 Bit        Muxes := 4     
	   2 Input      1 Bit        Muxes := 4     
---------------------------------------------------------------------------------
Finished RTL Hierarchical Component Statistics
---------------------------------------------------------------------------------
---------------------------------------------------------------------------------
Start Part Resource Summary
---------------------------------------------------------------------------------
Part Resources:
DSPs: 220 (col length:60)
BRAMs: 280 (col length: RAMB18 60 RAMB36 30)
---------------------------------------------------------------------------------
Finished Part Resource Summary
---------------------------------------------------------------------------------
---------------------------------------------------------------------------------
Start Cross Boundary and Area Optimization
---------------------------------------------------------------------------------
DSP Report: Generating DSP inst/addition_v1_0_S00_AXI_inst/addition_mainInstance/productReg_reg, operation Mode is: (A*B)'.
DSP Report: register inst/addition_v1_0_S00_AXI_inst/addition_mainInstance/productReg_reg is absorbed into DSP inst/addition_v1_0_S00_AXI_inst/addition_mainInstance/productReg_reg.
DSP Report: operator inst/addition_v1_0_S00_AXI_inst/addition_mainInstance/productReg0 is absorbed into DSP inst/addition_v1_0_S00_AXI_inst/addition_mainInstance/productReg_reg.
WARNING: [Synth 8-3331] design basicZturn_addition_0_0 has unconnected port s00_axi_awprot[2]
WARNING: [Synth 8-3331] design basicZturn_addition_0_0 has unconnected port s00_axi_awprot[1]
WARNING: [Synth 8-3331] design basicZturn_addition_0_0 has unconnected port s00_axi_awprot[0]
WARNING: [Synth 8-3331] design basicZturn_addition_0_0 has unconnected port s00_axi_arprot[2]
WARNING: [Synth 8-3331] design basicZturn_addition_0_0 has unconnected port s00_axi_arprot[1]
WARNING: [Synth 8-3331] design basicZturn_addition_0_0 has unconnected port s00_axi_arprot[0]
INFO: [Synth 8-3886] merging instance 'inst/addition_v1_0_S00_AXI_inst/axi_rresp_reg[0]' (FDRE) to 'inst/addition_v1_0_S00_AXI_inst/axi_rresp_reg[1]'
INFO: [Synth 8-3333] propagating constant 0 across sequential element (\inst/addition_v1_0_S00_AXI_inst/axi_rresp_reg[1] )
INFO: [Synth 8-3886] merging instance 'inst/addition_v1_0_S00_AXI_inst/axi_bresp_reg[0]' (FDRE) to 'inst/addition_v1_0_S00_AXI_inst/axi_bresp_reg[1]'
INFO: [Synth 8-3333] propagating constant 0 across sequential element (\inst/addition_v1_0_S00_AXI_inst/axi_bresp_reg[1] )
INFO: [Synth 8-3332] Sequential element (inst/addition_v1_0_S00_AXI_inst/axi_bresp_reg[1]) is unused and will be removed from module basicZturn_addition_0_0.
INFO: [Synth 8-3332] Sequential element (inst/addition_v1_0_S00_AXI_inst/axi_araddr_reg[1]) is unused and will be removed from module basicZturn_addition_0_0.
INFO: [Synth 8-3332] Sequential element (inst/addition_v1_0_S00_AXI_inst/axi_araddr_reg[0]) is unused and will be removed from module basicZturn_addition_0_0.
INFO: [Synth 8-3332] Sequential element (inst/addition_v1_0_S00_AXI_inst/axi_awaddr_reg[1]) is unused and will be removed from module basicZturn_addition_0_0.
INFO: [Synth 8-3332] Sequential element (inst/addition_v1_0_S00_AXI_inst/axi_awaddr_reg[0]) is unused and will be removed from module basicZturn_addition_0_0.
INFO: [Synth 8-3332] Sequential element (inst/addition_v1_0_S00_AXI_inst/axi_rresp_reg[1]) is unused and will be removed from module basicZturn_addition_0_0.
---------------------------------------------------------------------------------
Finished Cross Boundary and Area Optimization : Time (s): cpu = 00:00:15 ; elapsed = 00:00:20 . Memory (MB): peak = 649.340 ; gain = 439.063
---------------------------------------------------------------------------------
---------------------------------------------------------------------------------
Start ROM, RAM, DSP and Shift Register Reporting
---------------------------------------------------------------------------------

DSP: Preliminary Mapping  Report (see note below)
+--------------+-------------+--------+--------+--------+--------+--------+------+------+------+------+-------+------+------+
|Module Name   | DSP Mapping | A Size | B Size | C Size | D Size | P Size | AREG | BREG | CREG | DREG | ADREG | MREG | PREG | 
+--------------+-------------+--------+--------+--------+--------+--------+------+------+------+------+-------+------+------+
|addition_main | (A*B)'      | 16     | 16     | -      | -      | 32     | 0    | 0    | -    | -    | -     | 1    | 0    | 
+--------------+-------------+--------+--------+--------+--------+--------+------+------+------+------+-------+------+------+

Note: The table above is a preliminary report that shows the DSPs inferred at the current stage of the synthesis flow. Some DSP may be reimplemented as non DSP primitives later in the synthesis flow. Multiple instantiated DSPs are reported only once.
---------------------------------------------------------------------------------
Finished ROM, RAM, DSP and Shift Register Reporting
---------------------------------------------------------------------------------

Report RTL Partitions: 
+-+--------------+------------+----------+
| |RTL Partition |Replication |Instances |
+-+--------------+------------+----------+
+-+--------------+------------+----------+
---------------------------------------------------------------------------------
Start Timing Optimization
---------------------------------------------------------------------------------
---------------------------------------------------------------------------------
Start Applying XDC Timing Constraints
---------------------------------------------------------------------------------
---------------------------------------------------------------------------------
Finished Applying XDC Timing Constraints : Time (s): cpu = 00:00:28 ; elapsed = 00:00:34 . Memory (MB): peak = 651.664 ; gain = 441.387
---------------------------------------------------------------------------------
---------------------------------------------------------------------------------
Finished Timing Optimization : Time (s): cpu = 00:00:28 ; elapsed = 00:00:34 . Memory (MB): peak = 651.664 ; gain = 441.387
---------------------------------------------------------------------------------

Report RTL Partitions: 
+-+--------------+------------+----------+
| |RTL Partition |Replication |Instances |
+-+--------------+------------+----------+
+-+--------------+------------+----------+
---------------------------------------------------------------------------------
Start Technology Mapping
---------------------------------------------------------------------------------
---------------------------------------------------------------------------------
Finished Technology Mapping : Time (s): cpu = 00:00:28 ; elapsed = 00:00:34 . Memory (MB): peak = 671.973 ; gain = 461.695
---------------------------------------------------------------------------------

Report RTL Partitions: 
+-+--------------+------------+----------+
| |RTL Partition |Replication |Instances |
+-+--------------+------------+----------+
+-+--------------+------------+----------+
---------------------------------------------------------------------------------
Start IO Insertion
---------------------------------------------------------------------------------
---------------------------------------------------------------------------------
Start Flattening Before IO Insertion
---------------------------------------------------------------------------------
---------------------------------------------------------------------------------
Finished Flattening Before IO Insertion
---------------------------------------------------------------------------------
---------------------------------------------------------------------------------
Start Final Netlist Cleanup
---------------------------------------------------------------------------------
---------------------------------------------------------------------------------
Finished Final Netlist Cleanup
---------------------------------------------------------------------------------
---------------------------------------------------------------------------------
Finished IO Insertion : Time (s): cpu = 00:00:29 ; elapsed = 00:00:34 . Memory (MB): peak = 671.973 ; gain = 461.695
---------------------------------------------------------------------------------

Report Check Netlist: 
+------+------------------+-------+---------+-------+------------------+
|      |Item              |Errors |Warnings |Status |Description       |
+------+------------------+-------+---------+-------+------------------+
|1     |multi_driven_nets |      0|        0|Passed |Multi driven nets |
+------+------------------+-------+---------+-------+------------------+
---------------------------------------------------------------------------------
Start Renaming Generated Instances
---------------------------------------------------------------------------------
---------------------------------------------------------------------------------
Finished Renaming Generated Instances : Time (s): cpu = 00:00:29 ; elapsed = 00:00:34 . Memory (MB): peak = 671.973 ; gain = 461.695
---------------------------------------------------------------------------------

Report RTL Partitions: 
+-+--------------+------------+----------+
| |RTL Partition |Replication |Instances |
+-+--------------+------------+----------+
+-+--------------+------------+----------+
---------------------------------------------------------------------------------
Start Rebuilding User Hierarchy
---------------------------------------------------------------------------------
---------------------------------------------------------------------------------
Finished Rebuilding User Hierarchy : Time (s): cpu = 00:00:29 ; elapsed = 00:00:34 . Memory (MB): peak = 671.973 ; gain = 461.695
---------------------------------------------------------------------------------
---------------------------------------------------------------------------------
Start Renaming Generated Ports
---------------------------------------------------------------------------------
---------------------------------------------------------------------------------
Finished Renaming Generated Ports : Time (s): cpu = 00:00:29 ; elapsed = 00:00:34 . Memory (MB): peak = 671.973 ; gain = 461.695
---------------------------------------------------------------------------------
---------------------------------------------------------------------------------
Start Handling Custom Attributes
---------------------------------------------------------------------------------
---------------------------------------------------------------------------------
Finished Handling Custom Attributes : Time (s): cpu = 00:00:29 ; elapsed = 00:00:34 . Memory (MB): peak = 671.973 ; gain = 461.695
---------------------------------------------------------------------------------
---------------------------------------------------------------------------------
Start Renaming Generated Nets
---------------------------------------------------------------------------------
---------------------------------------------------------------------------------
Finished Renaming Generated Nets : Time (s): cpu = 00:00:29 ; elapsed = 00:00:34 . Memory (MB): peak = 671.973 ; gain = 461.695
---------------------------------------------------------------------------------
---------------------------------------------------------------------------------
Start Writing Synthesis Report
---------------------------------------------------------------------------------

Report BlackBoxes: 
+-+--------------+----------+
| |BlackBox name |Instances |
+-+--------------+----------+
+-+--------------+----------+

Report Cell Usage: 
+------+--------+------+
|      |Cell    |Count |
+------+--------+------+
|1     |DSP48E1 |     1|
|2     |LUT1    |     1|
|3     |LUT2    |     1|
|4     |LUT3    |     3|
|5     |LUT4    |    16|
|6     |LUT5    |     2|
|7     |LUT6    |    33|
|8     |FDRE    |   137|
+------+--------+------+

Report Instance Areas: 
+------+-------------------------------+----------------------+------+
|      |Instance                       |Module                |Cells |
+------+-------------------------------+----------------------+------+
|1     |top                            |                      |   194|
|2     |  inst                         |addition_v1_0         |   194|
|3     |    addition_v1_0_S00_AXI_inst |addition_v1_0_S00_AXI |   194|
|4     |      addition_mainInstance    |addition_main         |     1|
+------+-------------------------------+----------------------+------+
---------------------------------------------------------------------------------
Finished Writing Synthesis Report : Time (s): cpu = 00:00:29 ; elapsed = 00:00:34 . Memory (MB): peak = 671.973 ; gain = 461.695
---------------------------------------------------------------------------------
Synthesis finished with 0 errors, 0 critical warnings and 6 warnings.
Synthesis Optimization Runtime : Time (s): cpu = 00:00:18 ; elapsed = 00:00:22 . Memory (MB): peak = 671.973 ; gain = 133.820
Synthesis Optimization Complete : Time (s): cpu = 00:00:29 ; elapsed = 00:00:35 . Memory (MB): peak = 671.973 ; gain = 461.695
INFO: [Project 1-571] Translating synthesized netlist
INFO: [Netlist 29-17] Analyzing 1 Unisim elements for replacement
INFO: [Netlist 29-28] Unisim Transformation completed in 0 CPU seconds
INFO: [Project 1-570] Preparing netlist for logic optimization
INFO: [Opt 31-138] Pushed 0 inverter(s) to 0 load pin(s).
INFO: [Project 1-111] Unisim Transformation Summary:
No Unisim elements were transformed.

INFO: [Common 17-83] Releasing license: Synthesis
31 Infos, 12 Warnings, 0 Critical Warnings and 0 Errors encountered.
synth_design completed successfully
synth_design: Time (s): cpu = 00:00:27 ; elapsed = 00:00:29 . Memory (MB): peak = 673.164 ; gain = 445.000
INFO: [Common 17-1381] The checkpoint 'C:/Users/vivoz/Documents/WORK_FPGA/Xilinx/Vivado_project_on_Zturn/with_new_board_def_file/ver201604template/ver201604template.runs/basicZturn_addition_0_0_synth_1/basicZturn_addition_0_0.dcp' has been generated.
