00:56:46 **** Build of project cpu1_amp ****
make -k all 
"Running Make include in ps7_cortexa9_1/libsrc/addition_v1_0/src"
make -C ps7_cortexa9_1/libsrc/addition_v1_0/src -s include  "SHELL=CMD" "COMPILER=arm-none-eabi-gcc" "ARCHIVER=arm-none-eabi-ar" "COMPILER_FLAGS=  -O2 -c" "EXTRA_COMPILER_FLAGS=-mcpu=cortex-a9 -mfpu=vfpv3 -mfloat-abi=hard -nostartfiles   -DUSE_AMP=1 -DUNDEFINE_FILE_OPS"
"Running Make include in ps7_cortexa9_1/libsrc/canps_v3_2/src"
make -C ps7_cortexa9_1/libsrc/canps_v3_2/src -s include  "SHELL=CMD" "COMPILER=arm-none-eabi-gcc" "ARCHIVER=arm-none-eabi-ar" "COMPILER_FLAGS=  -O2 -c" "EXTRA_COMPILER_FLAGS=-mcpu=cortex-a9 -mfpu=vfpv3 -mfloat-abi=hard -nostartfiles   -DUSE_AMP=1 -DUNDEFINE_FILE_OPS"
"Running Make include in ps7_cortexa9_1/libsrc/coresightps_dcc_v1_3/src"
make -C ps7_cortexa9_1/libsrc/coresightps_dcc_v1_3/src -s include  "SHELL=CMD" "COMPILER=arm-none-eabi-gcc" "ARCHIVER=arm-none-eabi-ar" "COMPILER_FLAGS=  -O2 -c" "EXTRA_COMPILER_FLAGS=-mcpu=cortex-a9 -mfpu=vfpv3 -mfloat-abi=hard -nostartfiles   -DUSE_AMP=1 -DUNDEFINE_FILE_OPS"
"Running Make include in ps7_cortexa9_1/libsrc/cpu_cortexa9_v2_3/src"
make -C ps7_cortexa9_1/libsrc/cpu_cortexa9_v2_3/src -s include  "SHELL=CMD" "COMPILER=arm-none-eabi-gcc" "ARCHIVER=arm-none-eabi-ar" "COMPILER_FLAGS=  -O2 -c" "EXTRA_COMPILER_FLAGS=-mcpu=cortex-a9 -mfpu=vfpv3 -mfloat-abi=hard -nostartfiles   -DUSE_AMP=1 -DUNDEFINE_FILE_OPS"
"Running Make include in ps7_cortexa9_1/libsrc/ddrps_v1_0/src"
make -C ps7_cortexa9_1/libsrc/ddrps_v1_0/src -s include  "SHELL=CMD" "COMPILER=arm-none-eabi-gcc" "ARCHIVER=arm-none-eabi-ar" "COMPILER_FLAGS=  -O2 -c" "EXTRA_COMPILER_FLAGS=-mcpu=cortex-a9 -mfpu=vfpv3 -mfloat-abi=hard -nostartfiles   -DUSE_AMP=1 -DUNDEFINE_FILE_OPS"
"Running Make include in ps7_cortexa9_1/libsrc/devcfg_v3_4/src"
make -C ps7_cortexa9_1/libsrc/devcfg_v3_4/src -s include  "SHELL=CMD" "COMPILER=arm-none-eabi-gcc" "ARCHIVER=arm-none-eabi-ar" "COMPILER_FLAGS=  -O2 -c" "EXTRA_COMPILER_FLAGS=-mcpu=cortex-a9 -mfpu=vfpv3 -mfloat-abi=hard -nostartfiles   -DUSE_AMP=1 -DUNDEFINE_FILE_OPS"
"Running Make include in ps7_cortexa9_1/libsrc/dmaps_v2_3/src"
make -C ps7_cortexa9_1/libsrc/dmaps_v2_3/src -s include  "SHELL=CMD" "COMPILER=arm-none-eabi-gcc" "ARCHIVER=arm-none-eabi-ar" "COMPILER_FLAGS=  -O2 -c" "EXTRA_COMPILER_FLAGS=-mcpu=cortex-a9 -mfpu=vfpv3 -mfloat-abi=hard -nostartfiles   -DUSE_AMP=1 -DUNDEFINE_FILE_OPS"
"Running Make include in ps7_cortexa9_1/libsrc/emacps_v3_3/src"
make -C ps7_cortexa9_1/libsrc/emacps_v3_3/src -s include  "SHELL=CMD" "COMPILER=arm-none-eabi-gcc" "ARCHIVER=arm-none-eabi-ar" "COMPILER_FLAGS=  -O2 -c" "EXTRA_COMPILER_FLAGS=-mcpu=cortex-a9 -mfpu=vfpv3 -mfloat-abi=hard -nostartfiles   -DUSE_AMP=1 -DUNDEFINE_FILE_OPS"
"Running Make include in ps7_cortexa9_1/libsrc/gpio_v4_3/src"
make -C ps7_cortexa9_1/libsrc/gpio_v4_3/src -s include  "SHELL=CMD" "COMPILER=arm-none-eabi-gcc" "ARCHIVER=arm-none-eabi-ar" "COMPILER_FLAGS=  -O2 -c" "EXTRA_COMPILER_FLAGS=-mcpu=cortex-a9 -mfpu=vfpv3 -mfloat-abi=hard -nostartfiles   -DUSE_AMP=1 -DUNDEFINE_FILE_OPS"
"Running Make include in ps7_cortexa9_1/libsrc/gpiops_v3_1/src"
make -C ps7_cortexa9_1/libsrc/gpiops_v3_1/src -s include  "SHELL=CMD" "COMPILER=arm-none-eabi-gcc" "ARCHIVER=arm-none-eabi-ar" "COMPILER_FLAGS=  -O2 -c" "EXTRA_COMPILER_FLAGS=-mcpu=cortex-a9 -mfpu=vfpv3 -mfloat-abi=hard -nostartfiles   -DUSE_AMP=1 -DUNDEFINE_FILE_OPS"
"Running Make include in ps7_cortexa9_1/libsrc/iic_v3_4/src"
make -C ps7_cortexa9_1/libsrc/iic_v3_4/src -s include  "SHELL=CMD" "COMPILER=arm-none-eabi-gcc" "ARCHIVER=arm-none-eabi-ar" "COMPILER_FLAGS=  -O2 -c" "EXTRA_COMPILER_FLAGS=-mcpu=cortex-a9 -mfpu=vfpv3 -mfloat-abi=hard -nostartfiles   -DUSE_AMP=1 -DUNDEFINE_FILE_OPS"
"Running Make include in ps7_cortexa9_1/libsrc/iicps_v3_4/src"
make -C ps7_cortexa9_1/libsrc/iicps_v3_4/src -s include  "SHELL=CMD" "COMPILER=arm-none-eabi-gcc" "ARCHIVER=arm-none-eabi-ar" "COMPILER_FLAGS=  -O2 -c" "EXTRA_COMPILER_FLAGS=-mcpu=cortex-a9 -mfpu=vfpv3 -mfloat-abi=hard -nostartfiles   -DUSE_AMP=1 -DUNDEFINE_FILE_OPS"
"Running Make include in ps7_cortexa9_1/libsrc/libmetal_v1_1/src"
make -C ps7_cortexa9_1/libsrc/libmetal_v1_1/src -s include  "SHELL=CMD" "COMPILER=arm-none-eabi-gcc" "ARCHIVER=arm-none-eabi-ar" "COMPILER_FLAGS=  -O2 -c" "EXTRA_COMPILER_FLAGS=-mcpu=cortex-a9 -mfpu=vfpv3 -mfloat-abi=hard -nostartfiles   -DUSE_AMP=1 -DUNDEFINE_FILE_OPS"
"Running Make include in ps7_cortexa9_1/libsrc/openamp_v1_2/src"
make -C ps7_cortexa9_1/libsrc/openamp_v1_2/src -s include  "SHELL=CMD" "COMPILER=arm-none-eabi-gcc" "ARCHIVER=arm-none-eabi-ar" "COMPILER_FLAGS=  -O2 -c" "EXTRA_COMPILER_FLAGS=-mcpu=cortex-a9 -mfpu=vfpv3 -mfloat-abi=hard -nostartfiles   -DUSE_AMP=1 -DUNDEFINE_FILE_OPS"
"Running Make include in ps7_cortexa9_1/libsrc/PWM_v1_0/src"
make -C ps7_cortexa9_1/libsrc/PWM_v1_0/src -s include  "SHELL=CMD" "COMPILER=arm-none-eabi-gcc" "ARCHIVER=arm-none-eabi-ar" "COMPILER_FLAGS=  -O2 -c" "EXTRA_COMPILER_FLAGS=-mcpu=cortex-a9 -mfpu=vfpv3 -mfloat-abi=hard -nostartfiles   -DUSE_AMP=1 -DUNDEFINE_FILE_OPS"
"Running Make include in ps7_cortexa9_1/libsrc/qspips_v3_3/src"
make -C ps7_cortexa9_1/libsrc/qspips_v3_3/src -s include  "SHELL=CMD" "COMPILER=arm-none-eabi-gcc" "ARCHIVER=arm-none-eabi-ar" "COMPILER_FLAGS=  -O2 -c" "EXTRA_COMPILER_FLAGS=-mcpu=cortex-a9 -mfpu=vfpv3 -mfloat-abi=hard -nostartfiles   -DUSE_AMP=1 -DUNDEFINE_FILE_OPS"
"Running Make include in ps7_cortexa9_1/libsrc/scugic_v3_5/src"
make -C ps7_cortexa9_1/libsrc/scugic_v3_5/src -s include  "SHELL=CMD" "COMPILER=arm-none-eabi-gcc" "ARCHIVER=arm-none-eabi-ar" "COMPILER_FLAGS=  -O2 -c" "EXTRA_COMPILER_FLAGS=-mcpu=cortex-a9 -mfpu=vfpv3 -mfloat-abi=hard -nostartfiles   -DUSE_AMP=1 -DUNDEFINE_FILE_OPS"
"Running Make include in ps7_cortexa9_1/libsrc/scutimer_v2_1/src"
make -C ps7_cortexa9_1/libsrc/scutimer_v2_1/src -s include  "SHELL=CMD" "COMPILER=arm-none-eabi-gcc" "ARCHIVER=arm-none-eabi-ar" "COMPILER_FLAGS=  -O2 -c" "EXTRA_COMPILER_FLAGS=-mcpu=cortex-a9 -mfpu=vfpv3 -mfloat-abi=hard -nostartfiles   -DUSE_AMP=1 -DUNDEFINE_FILE_OPS"
"Running Make include in ps7_cortexa9_1/libsrc/scuwdt_v2_1/src"
make -C ps7_cortexa9_1/libsrc/scuwdt_v2_1/src -s include  "SHELL=CMD" "COMPILER=arm-none-eabi-gcc" "ARCHIVER=arm-none-eabi-ar" "COMPILER_FLAGS=  -O2 -c" "EXTRA_COMPILER_FLAGS=-mcpu=cortex-a9 -mfpu=vfpv3 -mfloat-abi=hard -nostartfiles   -DUSE_AMP=1 -DUNDEFINE_FILE_OPS"
"Running Make include in ps7_cortexa9_1/libsrc/sdps_v3_1/src"
make -C ps7_cortexa9_1/libsrc/sdps_v3_1/src -s include  "SHELL=CMD" "COMPILER=arm-none-eabi-gcc" "ARCHIVER=arm-none-eabi-ar" "COMPILER_FLAGS=  -O2 -c" "EXTRA_COMPILER_FLAGS=-mcpu=cortex-a9 -mfpu=vfpv3 -mfloat-abi=hard -nostartfiles   -DUSE_AMP=1 -DUNDEFINE_FILE_OPS"
"Running Make include in ps7_cortexa9_1/libsrc/standalone_v6_1/src"
make -C ps7_cortexa9_1/libsrc/standalone_v6_1/src -s include  "SHELL=CMD" "COMPILER=arm-none-eabi-gcc" "ARCHIVER=arm-none-eabi-ar" "COMPILER_FLAGS=  -O2 -c" "EXTRA_COMPILER_FLAGS=-mcpu=cortex-a9 -mfpu=vfpv3 -mfloat-abi=hard -nostartfiles   -DUSE_AMP=1 -DUNDEFINE_FILE_OPS"
"Running Make include in ps7_cortexa9_1/libsrc/ttcps_v3_2/src"
make -C ps7_cortexa9_1/libsrc/ttcps_v3_2/src -s include  "SHELL=CMD" "COMPILER=arm-none-eabi-gcc" "ARCHIVER=arm-none-eabi-ar" "COMPILER_FLAGS=  -O2 -c" "EXTRA_COMPILER_FLAGS=-mcpu=cortex-a9 -mfpu=vfpv3 -mfloat-abi=hard -nostartfiles   -DUSE_AMP=1 -DUNDEFINE_FILE_OPS"
"Running Make include in ps7_cortexa9_1/libsrc/uartlite_v3_2/src"
make -C ps7_cortexa9_1/libsrc/uartlite_v3_2/src -s include  "SHELL=CMD" "COMPILER=arm-none-eabi-gcc" "ARCHIVER=arm-none-eabi-ar" "COMPILER_FLAGS=  -O2 -c" "EXTRA_COMPILER_FLAGS=-mcpu=cortex-a9 -mfpu=vfpv3 -mfloat-abi=hard -nostartfiles   -DUSE_AMP=1 -DUNDEFINE_FILE_OPS"
"Running Make include in ps7_cortexa9_1/libsrc/uartps_v3_3/src"
make -C ps7_cortexa9_1/libsrc/uartps_v3_3/src -s include  "SHELL=CMD" "COMPILER=arm-none-eabi-gcc" "ARCHIVER=arm-none-eabi-ar" "COMPILER_FLAGS=  -O2 -c" "EXTRA_COMPILER_FLAGS=-mcpu=cortex-a9 -mfpu=vfpv3 -mfloat-abi=hard -nostartfiles   -DUSE_AMP=1 -DUNDEFINE_FILE_OPS"
"Running Make include in ps7_cortexa9_1/libsrc/usbps_v2_4/src"
make -C ps7_cortexa9_1/libsrc/usbps_v2_4/src -s include  "SHELL=CMD" "COMPILER=arm-none-eabi-gcc" "ARCHIVER=arm-none-eabi-ar" "COMPILER_FLAGS=  -O2 -c" "EXTRA_COMPILER_FLAGS=-mcpu=cortex-a9 -mfpu=vfpv3 -mfloat-abi=hard -nostartfiles   -DUSE_AMP=1 -DUNDEFINE_FILE_OPS"
"Running Make include in ps7_cortexa9_1/libsrc/xadcps_v2_2/src"
make -C ps7_cortexa9_1/libsrc/xadcps_v2_2/src -s include  "SHELL=CMD" "COMPILER=arm-none-eabi-gcc" "ARCHIVER=arm-none-eabi-ar" "COMPILER_FLAGS=  -O2 -c" "EXTRA_COMPILER_FLAGS=-mcpu=cortex-a9 -mfpu=vfpv3 -mfloat-abi=hard -nostartfiles   -DUSE_AMP=1 -DUNDEFINE_FILE_OPS"
"Running Make libs in ps7_cortexa9_1/libsrc/addition_v1_0/src"
make -C ps7_cortexa9_1/libsrc/addition_v1_0/src -s libs  "SHELL=CMD" "COMPILER=arm-none-eabi-gcc" "ARCHIVER=arm-none-eabi-ar" "COMPILER_FLAGS=  -O2 -c" "EXTRA_COMPILER_FLAGS=-mcpu=cortex-a9 -mfpu=vfpv3 -mfloat-abi=hard -nostartfiles   -DUSE_AMP=1 -DUNDEFINE_FILE_OPS"
"Compiling addition..."
arm-none-eabi-ar: creating ../../../lib/libxil.a
"Running Make libs in ps7_cortexa9_1/libsrc/canps_v3_2/src"
make -C ps7_cortexa9_1/libsrc/canps_v3_2/src -s libs  "SHELL=CMD" "COMPILER=arm-none-eabi-gcc" "ARCHIVER=arm-none-eabi-ar" "COMPILER_FLAGS=  -O2 -c" "EXTRA_COMPILER_FLAGS=-mcpu=cortex-a9 -mfpu=vfpv3 -mfloat-abi=hard -nostartfiles   -DUSE_AMP=1 -DUNDEFINE_FILE_OPS"
"Compiling canps"
"Running Make libs in ps7_cortexa9_1/libsrc/coresightps_dcc_v1_3/src"
make -C ps7_cortexa9_1/libsrc/coresightps_dcc_v1_3/src -s libs  "SHELL=CMD" "COMPILER=arm-none-eabi-gcc" "ARCHIVER=arm-none-eabi-ar" "COMPILER_FLAGS=  -O2 -c" "EXTRA_COMPILER_FLAGS=-mcpu=cortex-a9 -mfpu=vfpv3 -mfloat-abi=hard -nostartfiles   -DUSE_AMP=1 -DUNDEFINE_FILE_OPS"
"Compiling coresightps_dcc"
"Running Make libs in ps7_cortexa9_1/libsrc/cpu_cortexa9_v2_3/src"
make -C ps7_cortexa9_1/libsrc/cpu_cortexa9_v2_3/src -s libs  "SHELL=CMD" "COMPILER=arm-none-eabi-gcc" "ARCHIVER=arm-none-eabi-ar" "COMPILER_FLAGS=  -O2 -c" "EXTRA_COMPILER_FLAGS=-mcpu=cortex-a9 -mfpu=vfpv3 -mfloat-abi=hard -nostartfiles   -DUSE_AMP=1 -DUNDEFINE_FILE_OPS"
"Compiling cpu_cortexa9"
"Running Make libs in ps7_cortexa9_1/libsrc/ddrps_v1_0/src"
make -C ps7_cortexa9_1/libsrc/ddrps_v1_0/src -s libs  "SHELL=CMD" "COMPILER=arm-none-eabi-gcc" "ARCHIVER=arm-none-eabi-ar" "COMPILER_FLAGS=  -O2 -c" "EXTRA_COMPILER_FLAGS=-mcpu=cortex-a9 -mfpu=vfpv3 -mfloat-abi=hard -nostartfiles   -DUSE_AMP=1 -DUNDEFINE_FILE_OPS"
"Compiling ddrps"
"Running Make libs in ps7_cortexa9_1/libsrc/devcfg_v3_4/src"
make -C ps7_cortexa9_1/libsrc/devcfg_v3_4/src -s libs  "SHELL=CMD" "COMPILER=arm-none-eabi-gcc" "ARCHIVER=arm-none-eabi-ar" "COMPILER_FLAGS=  -O2 -c" "EXTRA_COMPILER_FLAGS=-mcpu=cortex-a9 -mfpu=vfpv3 -mfloat-abi=hard -nostartfiles   -DUSE_AMP=1 -DUNDEFINE_FILE_OPS"
"Compiling devcfg"
"Running Make libs in ps7_cortexa9_1/libsrc/dmaps_v2_3/src"
make -C ps7_cortexa9_1/libsrc/dmaps_v2_3/src -s libs  "SHELL=CMD" "COMPILER=arm-none-eabi-gcc" "ARCHIVER=arm-none-eabi-ar" "COMPILER_FLAGS=  -O2 -c" "EXTRA_COMPILER_FLAGS=-mcpu=cortex-a9 -mfpu=vfpv3 -mfloat-abi=hard -nostartfiles   -DUSE_AMP=1 -DUNDEFINE_FILE_OPS"
"Compiling dmaps"
"Running Make libs in ps7_cortexa9_1/libsrc/emacps_v3_3/src"
make -C ps7_cortexa9_1/libsrc/emacps_v3_3/src -s libs  "SHELL=CMD" "COMPILER=arm-none-eabi-gcc" "ARCHIVER=arm-none-eabi-ar" "COMPILER_FLAGS=  -O2 -c" "EXTRA_COMPILER_FLAGS=-mcpu=cortex-a9 -mfpu=vfpv3 -mfloat-abi=hard -nostartfiles   -DUSE_AMP=1 -DUNDEFINE_FILE_OPS"
"Compiling emacps"
"Running Make libs in ps7_cortexa9_1/libsrc/gpio_v4_3/src"
make -C ps7_cortexa9_1/libsrc/gpio_v4_3/src -s libs  "SHELL=CMD" "COMPILER=arm-none-eabi-gcc" "ARCHIVER=arm-none-eabi-ar" "COMPILER_FLAGS=  -O2 -c" "EXTRA_COMPILER_FLAGS=-mcpu=cortex-a9 -mfpu=vfpv3 -mfloat-abi=hard -nostartfiles   -DUSE_AMP=1 -DUNDEFINE_FILE_OPS"
"Compiling gpio"
"Running Make libs in ps7_cortexa9_1/libsrc/gpiops_v3_1/src"
make -C ps7_cortexa9_1/libsrc/gpiops_v3_1/src -s libs  "SHELL=CMD" "COMPILER=arm-none-eabi-gcc" "ARCHIVER=arm-none-eabi-ar" "COMPILER_FLAGS=  -O2 -c" "EXTRA_COMPILER_FLAGS=-mcpu=cortex-a9 -mfpu=vfpv3 -mfloat-abi=hard -nostartfiles   -DUSE_AMP=1 -DUNDEFINE_FILE_OPS"
"Compiling gpiops"
"Running Make libs in ps7_cortexa9_1/libsrc/iic_v3_4/src"
make -C ps7_cortexa9_1/libsrc/iic_v3_4/src -s libs  "SHELL=CMD" "COMPILER=arm-none-eabi-gcc" "ARCHIVER=arm-none-eabi-ar" "COMPILER_FLAGS=  -O2 -c" "EXTRA_COMPILER_FLAGS=-mcpu=cortex-a9 -mfpu=vfpv3 -mfloat-abi=hard -nostartfiles   -DUSE_AMP=1 -DUNDEFINE_FILE_OPS"
"Compiling iic"
"Running Make libs in ps7_cortexa9_1/libsrc/iicps_v3_4/src"
make -C ps7_cortexa9_1/libsrc/iicps_v3_4/src -s libs  "SHELL=CMD" "COMPILER=arm-none-eabi-gcc" "ARCHIVER=arm-none-eabi-ar" "COMPILER_FLAGS=  -O2 -c" "EXTRA_COMPILER_FLAGS=-mcpu=cortex-a9 -mfpu=vfpv3 -mfloat-abi=hard -nostartfiles   -DUSE_AMP=1 -DUNDEFINE_FILE_OPS"
"Compiling iicps"
"Running Make libs in ps7_cortexa9_1/libsrc/libmetal_v1_1/src"
make -C ps7_cortexa9_1/libsrc/libmetal_v1_1/src -s libs  "SHELL=CMD" "COMPILER=arm-none-eabi-gcc" "ARCHIVER=arm-none-eabi-ar" "COMPILER_FLAGS=  -O2 -c" "EXTRA_COMPILER_FLAGS=-mcpu=cortex-a9 -mfpu=vfpv3 -mfloat-abi=hard -nostartfiles   -DUSE_AMP=1 -DUNDEFINE_FILE_OPS"
[100%] Built target metal-static
Install the project...
-- Install configuration: ""
-- Installing: ../../../include/metal/atomic.h
-- Installing: ../../../include/metal/compiler.h
-- Installing: ../../../include/metal/config.h
-- Installing: ../../../include/metal/device.h
-- Installing: ../../../include/metal/io.h
-- Installing: ../../../include/metal/list.h
-- Installing: ../../../include/metal/log.h
-- Installing: ../../../include/metal/mutex.h
-- Installing: ../../../include/metal/condition.h
-- Installing: ../../../include/metal/shmem.h
-- Installing: ../../../include/metal/sys.h
-- Installing: ../../../include/metal/utilities.h
-- Installing: ../../../include/metal/version.h
-- Installing: ../../../include/metal/cpu.h
-- Installing: ../../../include/metal/spinlock.h
-- Installing: ../../../include/metal/irq.h
-- Installing: ../../../include/metal/alloc.h
-- Installing: ../../../include/metal/cache.h
-- Installing: ../../../include/metal/dma.h
-- Installing: ../../../include/metal/time.h
-- Installing: ../../../include/metal/sleep.h
-- Installing: ../../../include/metal/compiler/gcc/atomic.h
-- Installing: ../../../include/metal/compiler/gcc/compiler.h
-- Installing: ../../../include/metal/processor/arm/atomic.h
-- Installing: ../../../include/metal/processor/arm/cpu.h
-- Installing: ../../../include/metal/system/generic/mutex.h
-- Installing: ../../../include/metal/system/generic/sys.h
-- Installing: ../../../include/metal/system/generic/condition.h
-- Installing: ../../../include/metal/system/generic/alloc.h
-- Installing: ../../../include/metal/system/generic/irq.h
-- Installing: ../../../include/metal/system/generic/zynq7/sys.h
-- Up-to-date: ../../../lib/libmetal.a
"Running Make libs in ps7_cortexa9_1/libsrc/openamp_v1_2/src"
make -C ps7_cortexa9_1/libsrc/openamp_v1_2/src -s libs  "SHELL=CMD" "COMPILER=arm-none-eabi-gcc" "ARCHIVER=arm-none-eabi-ar" "COMPILER_FLAGS=  -O2 -c" "EXTRA_COMPILER_FLAGS=-mcpu=cortex-a9 -mfpu=vfpv3 -mfloat-abi=hard -nostartfiles   -DUSE_AMP=1 -DUNDEFINE_FILE_OPS"
[100%] Built target open_amp-static
Install the project...
-- Install configuration: "Debug"
-- Up-to-date: ../../../lib/libopen_amp.a
-- Up-to-date: ../../../include/openamp
-- Installing: ../../../include/openamp/compiler.h
-- Installing: ../../../include/openamp/elf_loader.h
-- Installing: ../../../include/openamp/env.h
-- Installing: ../../../include/openamp/firmware.h
-- Installing: ../../../include/openamp/hil.h
-- Installing: ../../../include/openamp/open_amp.h
-- Installing: ../../../include/openamp/remoteproc.h
-- Installing: ../../../include/openamp/remoteproc_loader.h
-- Installing: ../../../include/openamp/rpmsg.h
-- Installing: ../../../include/openamp/rpmsg_core.h
-- Installing: ../../../include/openamp/rpmsg_retarget.h
-- Installing: ../../../include/openamp/rsc_table_parser.h
-- Installing: ../../../include/openamp/sh_mem.h
-- Installing: ../../../include/openamp/virtio.h
-- Installing: ../../../include/openamp/virtio_ring.h
-- Installing: ../../../include/openamp/virtqueue.h
"Running Make libs in ps7_cortexa9_1/libsrc/PWM_v1_0/src"
make -C ps7_cortexa9_1/libsrc/PWM_v1_0/src -s libs  "SHELL=CMD" "COMPILER=arm-none-eabi-gcc" "ARCHIVER=arm-none-eabi-ar" "COMPILER_FLAGS=  -O2 -c" "EXTRA_COMPILER_FLAGS=-mcpu=cortex-a9 -mfpu=vfpv3 -mfloat-abi=hard -nostartfiles   -DUSE_AMP=1 -DUNDEFINE_FILE_OPS"
"Compiling PWM..."
"Running Make libs in ps7_cortexa9_1/libsrc/qspips_v3_3/src"
make -C ps7_cortexa9_1/libsrc/qspips_v3_3/src -s libs  "SHELL=CMD" "COMPILER=arm-none-eabi-gcc" "ARCHIVER=arm-none-eabi-ar" "COMPILER_FLAGS=  -O2 -c" "EXTRA_COMPILER_FLAGS=-mcpu=cortex-a9 -mfpu=vfpv3 -mfloat-abi=hard -nostartfiles   -DUSE_AMP=1 -DUNDEFINE_FILE_OPS"
"Compiling qspips"
"Running Make libs in ps7_cortexa9_1/libsrc/scugic_v3_5/src"
make -C ps7_cortexa9_1/libsrc/scugic_v3_5/src -s libs  "SHELL=CMD" "COMPILER=arm-none-eabi-gcc" "ARCHIVER=arm-none-eabi-ar" "COMPILER_FLAGS=  -O2 -c" "EXTRA_COMPILER_FLAGS=-mcpu=cortex-a9 -mfpu=vfpv3 -mfloat-abi=hard -nostartfiles   -DUSE_AMP=1 -DUNDEFINE_FILE_OPS"
"Compiling scugic"
xscugic.c: In function 'DistributorInit':
xscugic.c:248:2: warning: #warning "Building GIC for AMP" [-Wcpp]
 #warning "Building GIC for AMP"
  ^
xscugic_hw.c: In function 'DistInit':
xscugic_hw.c:118:3: warning: #warning "Building GIC for AMP" [-Wcpp]
  #warning "Building GIC for AMP"
   ^
"Running Make libs in ps7_cortexa9_1/libsrc/scutimer_v2_1/src"
make -C ps7_cortexa9_1/libsrc/scutimer_v2_1/src -s libs  "SHELL=CMD" "COMPILER=arm-none-eabi-gcc" "ARCHIVER=arm-none-eabi-ar" "COMPILER_FLAGS=  -O2 -c" "EXTRA_COMPILER_FLAGS=-mcpu=cortex-a9 -mfpu=vfpv3 -mfloat-abi=hard -nostartfiles   -DUSE_AMP=1 -DUNDEFINE_FILE_OPS"
"Compiling scutimer"
"Running Make libs in ps7_cortexa9_1/libsrc/scuwdt_v2_1/src"
make -C ps7_cortexa9_1/libsrc/scuwdt_v2_1/src -s libs  "SHELL=CMD" "COMPILER=arm-none-eabi-gcc" "ARCHIVER=arm-none-eabi-ar" "COMPILER_FLAGS=  -O2 -c" "EXTRA_COMPILER_FLAGS=-mcpu=cortex-a9 -mfpu=vfpv3 -mfloat-abi=hard -nostartfiles   -DUSE_AMP=1 -DUNDEFINE_FILE_OPS"
"Compiling scuwdt"
"Running Make libs in ps7_cortexa9_1/libsrc/sdps_v3_1/src"
make -C ps7_cortexa9_1/libsrc/sdps_v3_1/src -s libs  "SHELL=CMD" "COMPILER=arm-none-eabi-gcc" "ARCHIVER=arm-none-eabi-ar" "COMPILER_FLAGS=  -O2 -c" "EXTRA_COMPILER_FLAGS=-mcpu=cortex-a9 -mfpu=vfpv3 -mfloat-abi=hard -nostartfiles   -DUSE_AMP=1 -DUNDEFINE_FILE_OPS"
"Compiling sdps"
"Running Make libs in ps7_cortexa9_1/libsrc/standalone_v6_1/src"
make -C ps7_cortexa9_1/libsrc/standalone_v6_1/src -s libs  "SHELL=CMD" "COMPILER=arm-none-eabi-gcc" "ARCHIVER=arm-none-eabi-ar" "COMPILER_FLAGS=  -O2 -c" "EXTRA_COMPILER_FLAGS=-mcpu=cortex-a9 -mfpu=vfpv3 -mfloat-abi=hard -nostartfiles   -DUSE_AMP=1 -DUNDEFINE_FILE_OPS"
"Compiling standalone"
"Running Make libs in ps7_cortexa9_1/libsrc/ttcps_v3_2/src"
make -C ps7_cortexa9_1/libsrc/ttcps_v3_2/src -s libs  "SHELL=CMD" "COMPILER=arm-none-eabi-gcc" "ARCHIVER=arm-none-eabi-ar" "COMPILER_FLAGS=  -O2 -c" "EXTRA_COMPILER_FLAGS=-mcpu=cortex-a9 -mfpu=vfpv3 -mfloat-abi=hard -nostartfiles   -DUSE_AMP=1 -DUNDEFINE_FILE_OPS"
"Compiling ttcps"
"Running Make libs in ps7_cortexa9_1/libsrc/uartlite_v3_2/src"
make -C ps7_cortexa9_1/libsrc/uartlite_v3_2/src -s libs  "SHELL=CMD" "COMPILER=arm-none-eabi-gcc" "ARCHIVER=arm-none-eabi-ar" "COMPILER_FLAGS=  -O2 -c" "EXTRA_COMPILER_FLAGS=-mcpu=cortex-a9 -mfpu=vfpv3 -mfloat-abi=hard -nostartfiles   -DUSE_AMP=1 -DUNDEFINE_FILE_OPS"
"Compiling uartlite"
"Running Make libs in ps7_cortexa9_1/libsrc/uartps_v3_3/src"
make -C ps7_cortexa9_1/libsrc/uartps_v3_3/src -s libs  "SHELL=CMD" "COMPILER=arm-none-eabi-gcc" "ARCHIVER=arm-none-eabi-ar" "COMPILER_FLAGS=  -O2 -c" "EXTRA_COMPILER_FLAGS=-mcpu=cortex-a9 -mfpu=vfpv3 -mfloat-abi=hard -nostartfiles   -DUSE_AMP=1 -DUNDEFINE_FILE_OPS"
"Compiling uartps"
"Running Make libs in ps7_cortexa9_1/libsrc/usbps_v2_4/src"
make -C ps7_cortexa9_1/libsrc/usbps_v2_4/src -s libs  "SHELL=CMD" "COMPILER=arm-none-eabi-gcc" "ARCHIVER=arm-none-eabi-ar" "COMPILER_FLAGS=  -O2 -c" "EXTRA_COMPILER_FLAGS=-mcpu=cortex-a9 -mfpu=vfpv3 -mfloat-abi=hard -nostartfiles   -DUSE_AMP=1 -DUNDEFINE_FILE_OPS"
"Compiling usbps"
"Running Make libs in ps7_cortexa9_1/libsrc/xadcps_v2_2/src"
make -C ps7_cortexa9_1/libsrc/xadcps_v2_2/src -s libs  "SHELL=CMD" "COMPILER=arm-none-eabi-gcc" "ARCHIVER=arm-none-eabi-ar" "COMPILER_FLAGS=  -O2 -c" "EXTRA_COMPILER_FLAGS=-mcpu=cortex-a9 -mfpu=vfpv3 -mfloat-abi=hard -nostartfiles   -DUSE_AMP=1 -DUNDEFINE_FILE_OPS"
"Compiling xadcps"
'Finished building libraries'

00:57:22 Build Finished (took 36s.361ms)

