#-----------------------------------------------------------
# Webtalk v2016.4 (64-bit)
# SW Build 1756540 on Mon Jan 23 19:11:23 MST 2017
# 
# Start of session at: Thu May 04 21:39:46 2017
# Process ID: 11160
# Current directory: C:/Users/vivoz/Documents/WORK_FPGA/Xilinx/ver201604template/ver201604template.sdk/webtalk
# Command line: wbtcv.exe -mode batch -source sdk_webtalk.tcl
# Log file: C:/Users/vivoz/Documents/WORK_FPGA/Xilinx/ver201604template/ver201604template.sdk/webtalk/webtalk.log
# Journal file: C:/Users/vivoz/Documents/WORK_FPGA/Xilinx/ver201604template/ver201604template.sdk/webtalk\webtalk.jou
#-----------------------------------------------------------
source sdk_webtalk.tcl
# webtalk_init -webtalk_dir C:\\Users\\vivoz\\Documents\\WORK_FPGA\\Xilinx\\ver201604template\\ver201604template.sdk\\webtalk
# webtalk_register_client -client project
# webtalk_add_data -client project -key date_generated -value "2017-05-04 21:39:45" -context "software_version_and_target_device"
# webtalk_add_data -client project -key product_version -value "SDK v2016.4" -context "software_version_and_target_device"
# webtalk_add_data -client project -key build_version -value "2016.4" -context "software_version_and_target_device"
# webtalk_add_data -client project -key os_platform -value "amd64" -context "software_version_and_target_device"
# webtalk_add_data -client project -key registration_id -value "" -context "software_version_and_target_device"
# webtalk_add_data -client project -key tool_flow -value "SDK" -context "software_version_and_target_device"
# webtalk_add_data -client project -key beta -value "false" -context "software_version_and_target_device"
# webtalk_add_data -client project -key route_design -value "NA" -context "software_version_and_target_device"
# webtalk_add_data -client project -key target_family -value "NA" -context "software_version_and_target_device"
# webtalk_add_data -client project -key target_device -value "NA" -context "software_version_and_target_device"
# webtalk_add_data -client project -key target_package -value "NA" -context "software_version_and_target_device"
# webtalk_add_data -client project -key target_speed -value "NA" -context "software_version_and_target_device"
# webtalk_add_data -client project -key random_id -value "dq7lak3amoffg2h6dtllennmhm" -context "software_version_and_target_device"
# webtalk_add_data -client project -key project_id -value "2016.4_5" -context "software_version_and_target_device"
# webtalk_add_data -client project -key project_iteration -value "5" -context "software_version_and_target_device"
# webtalk_add_data -client project -key os_name -value "Microsoft Windows 8 or later , 64-bit" -context "user_environment"
# webtalk_add_data -client project -key os_release -value "major release  (build 9200)" -context "user_environment"
# webtalk_add_data -client project -key cpu_name -value "Intel(R) Core(TM) i5-6400 CPU @ 2.70GHz" -context "user_environment"
# webtalk_add_data -client project -key cpu_speed -value "2712 MHz" -context "user_environment"
# webtalk_add_data -client project -key total_processors -value "1" -context "user_environment"
# webtalk_add_data -client project -key system_ram -value "8.000 GB" -context "user_environment"
# webtalk_register_client -client sdk
# webtalk_add_data -client sdk -key uid -value "1493633446929" -context "sdk\\\\bsp/1493633446929"
# webtalk_add_data -client sdk -key hwid -value "1492693034457" -context "sdk\\\\bsp/1493633446929"
# webtalk_add_data -client sdk -key os -value "standalone" -context "sdk\\\\bsp/1493633446929"
# webtalk_add_data -client sdk -key apptemplate -value "openamp_echo_test" -context "sdk\\\\bsp/1493633446929"
# webtalk_add_data -client sdk -key RecordType -value "BSPCreation" -context "sdk\\\\bsp/1493633446929"
# webtalk_add_data -client sdk -key uid -value "1493633459280" -context "sdk\\\\application/1493633459280"
# webtalk_add_data -client sdk -key hwid -value "1492693034457" -context "sdk\\\\application/1493633459280"
# webtalk_add_data -client sdk -key bspid -value "1493633446929" -context "sdk\\\\application/1493633459280"
# webtalk_add_data -client sdk -key newbsp -value "true" -context "sdk\\\\application/1493633459280"
# webtalk_add_data -client sdk -key os -value "standalone" -context "sdk\\\\application/1493633459280"
# webtalk_add_data -client sdk -key apptemplate -value "openamp_echo_test" -context "sdk\\\\application/1493633459280"
# webtalk_add_data -client sdk -key RecordType -value "APPCreation" -context "sdk\\\\application/1493633459280"
# webtalk_add_data -client sdk -key LangUsed -value "C" -context "sdk\\\\application/1493633459280"
# webtalk_add_data -client sdk -key Procused -value "ps7_cortexa9" -context "sdk\\\\application/1493633459280"
# webtalk_add_data -client sdk -key uid -value "1493685724604" -context "sdk\\\\bsp/1493685724604"
# webtalk_add_data -client sdk -key hwid -value "1492693034457" -context "sdk\\\\bsp/1493685724604"
# webtalk_add_data -client sdk -key os -value "standalone" -context "sdk\\\\bsp/1493685724604"
# webtalk_add_data -client sdk -key apptemplate -value "openamp_matrix_multiply" -context "sdk\\\\bsp/1493685724604"
# webtalk_add_data -client sdk -key RecordType -value "BSPCreation" -context "sdk\\\\bsp/1493685724604"
# webtalk_add_data -client sdk -key uid -value "1493685742772" -context "sdk\\\\application/1493685742772"
# webtalk_add_data -client sdk -key hwid -value "1492693034457" -context "sdk\\\\application/1493685742772"
# webtalk_add_data -client sdk -key bspid -value "1493685724604" -context "sdk\\\\application/1493685742772"
# webtalk_add_data -client sdk -key newbsp -value "true" -context "sdk\\\\application/1493685742772"
# webtalk_add_data -client sdk -key os -value "standalone" -context "sdk\\\\application/1493685742772"
# webtalk_add_data -client sdk -key apptemplate -value "openamp_matrix_multiply" -context "sdk\\\\application/1493685742772"
# webtalk_add_data -client sdk -key RecordType -value "APPCreation" -context "sdk\\\\application/1493685742772"
# webtalk_add_data -client sdk -key LangUsed -value "C" -context "sdk\\\\application/1493685742772"
# webtalk_add_data -client sdk -key Procused -value "ps7_cortexa9" -context "sdk\\\\application/1493685742772"
# webtalk_add_data -client sdk -key uid -value "1493690916037" -context "sdk\\\\application/1493690916037"
# webtalk_add_data -client sdk -key os -value "linux" -context "sdk\\\\application/1493690916037"
# webtalk_add_data -client sdk -key apptemplate -value "linux_hello_world" -context "sdk\\\\application/1493690916037"
# webtalk_add_data -client sdk -key RecordType -value "APPCreation" -context "sdk\\\\application/1493690916037"
# webtalk_add_data -client sdk -key LangUsed -value "C" -context "sdk\\\\application/1493690916037"
# webtalk_add_data -client sdk -key Procused -value "" -context "sdk\\\\application/1493690916037"
# webtalk_add_data -client sdk -key projSize -value "72.734375" -context "sdk\\\\application/1493690916037"
# webtalk_add_data -client sdk -key uid -value "1493733401767" -context "sdk\\\\application/1493733401767"
# webtalk_add_data -client sdk -key hwid -value "1492693034457" -context "sdk\\\\application/1493733401767"
# webtalk_add_data -client sdk -key bspid -value "1493633446929" -context "sdk\\\\application/1493733401767"
# webtalk_add_data -client sdk -key newbsp -value "false" -context "sdk\\\\application/1493733401767"
# webtalk_add_data -client sdk -key os -value "standalone" -context "sdk\\\\application/1493733401767"
# webtalk_add_data -client sdk -key apptemplate -value "openamp_rpc_demo" -context "sdk\\\\application/1493733401767"
# webtalk_add_data -client sdk -key RecordType -value "APPCreation" -context "sdk\\\\application/1493733401767"
# webtalk_add_data -client sdk -key LangUsed -value "C" -context "sdk\\\\application/1493733401767"
# webtalk_add_data -client sdk -key Procused -value "ps7_cortexa9" -context "sdk\\\\application/1493733401767"
# webtalk_add_data -client sdk -key projSize -value "989.86328125" -context "sdk\\\\application/1493733401767"
# webtalk_add_data -client sdk -key uid -value "1493903288703" -context "sdk\\\\bsp/1493903288703"
# webtalk_add_data -client sdk -key hwid -value "1492693034457" -context "sdk\\\\bsp/1493903288703"
# webtalk_add_data -client sdk -key os -value "standalone" -context "sdk\\\\bsp/1493903288703"
# webtalk_add_data -client sdk -key apptemplate -value "hello_world" -context "sdk\\\\bsp/1493903288703"
# webtalk_add_data -client sdk -key RecordType -value "BSPCreation" -context "sdk\\\\bsp/1493903288703"
# webtalk_add_data -client sdk -key uid -value "1493903299133" -context "sdk\\\\application/1493903299133"
# webtalk_add_data -client sdk -key hwid -value "1492693034457" -context "sdk\\\\application/1493903299133"
# webtalk_add_data -client sdk -key bspid -value "1493903288703" -context "sdk\\\\application/1493903299133"
# webtalk_add_data -client sdk -key newbsp -value "true" -context "sdk\\\\application/1493903299133"
# webtalk_add_data -client sdk -key os -value "standalone" -context "sdk\\\\application/1493903299133"
# webtalk_add_data -client sdk -key apptemplate -value "hello_world" -context "sdk\\\\application/1493903299133"
# webtalk_add_data -client sdk -key RecordType -value "APPCreation" -context "sdk\\\\application/1493903299133"
# webtalk_add_data -client sdk -key LangUsed -value "C" -context "sdk\\\\application/1493903299133"
# webtalk_add_data -client sdk -key Procused -value "ps7_cortexa9" -context "sdk\\\\application/1493903299133"
# webtalk_add_data -client sdk -key projSize -value "177.07421875" -context "sdk\\\\application/1493903299133"
# webtalk_add_data -client sdk -key uid -value "NA" -context "sdk\\\\bsp/1493905185385"
# webtalk_add_data -client sdk -key RecordType -value "ToolUsage" -context "sdk\\\\bsp/1493905185385"
# webtalk_add_data -client sdk -key BootgenCount -value "0" -context "sdk\\\\bsp/1493905185385"
# webtalk_add_data -client sdk -key DebugCount -value "15" -context "sdk\\\\bsp/1493905185385"
# webtalk_add_data -client sdk -key PerfCount -value "0" -context "sdk\\\\bsp/1493905185385"
# webtalk_add_data -client sdk -key FlashCount -value "0" -context "sdk\\\\bsp/1493905185385"
# webtalk_add_data -client sdk -key CrossTriggCount -value "0" -context "sdk\\\\bsp/1493905185385"
# webtalk_add_data -client sdk -key QemuDebugCount -value "0" -context "sdk\\\\bsp/1493905185385"
# webtalk_transmit -clientid 459199296 -regid "" -xml C:\\Users\\vivoz\\Documents\\WORK_FPGA\\Xilinx\\ver201604template\\ver201604template.sdk\\webtalk\\usage_statistics_ext_sdk.xml -html C:\\Users\\vivoz\\Documents\\WORK_FPGA\\Xilinx\\ver201604template\\ver201604template.sdk\\webtalk\\usage_statistics_ext_sdk.html -wdm C:\\Users\\vivoz\\Documents\\WORK_FPGA\\Xilinx\\ver201604template\\ver201604template.sdk\\webtalk\\sdk_webtalk.wdm -intro "<H3>SDK Usage Report</H3><BR>"
INFO: [Common 17-186] 'C:\Users\vivoz\Documents\WORK_FPGA\Xilinx\ver201604template\ver201604template.sdk\webtalk\usage_statistics_ext_sdk.xml' has been successfully sent to Xilinx on Thu May 04 21:39:59 2017. For additional details about this file, please refer to the WebTalk help file at C:/Xilinx/SDK/2016.4/doc/webtalk_introduction.html.
webtalk_transmit: Time (s): cpu = 00:00:00 ; elapsed = 00:00:06 . Memory (MB): peak = 49.816 ; gain = 0.047
# webtalk_terminate
INFO: [Common 17-206] Exiting Webtalk at Thu May 04 21:39:59 2017...
