#-----------------------------------------------------------
# Webtalk v2016.4 (64-bit)
# SW Build 1756540 on Mon Jan 23 19:11:23 MST 2017
# 
# Start of session at: Sun Apr 23 23:25:24 2017
# Process ID: 14672
# Current directory: C:/Users/vivoz/Documents/WORK_FPGA/Xilinx/Vivado_project_on_Zturn/with_new_board_def_file/ver201604template/ver201604template.sdk/webtalk
# Command line: wbtcv.exe -mode batch -source sdk_webtalk.tcl
# Log file: C:/Users/vivoz/Documents/WORK_FPGA/Xilinx/Vivado_project_on_Zturn/with_new_board_def_file/ver201604template/ver201604template.sdk/webtalk/webtalk.log
# Journal file: C:/Users/vivoz/Documents/WORK_FPGA/Xilinx/Vivado_project_on_Zturn/with_new_board_def_file/ver201604template/ver201604template.sdk/webtalk\webtalk.jou
#-----------------------------------------------------------
source sdk_webtalk.tcl
# webtalk_init -webtalk_dir C:\\Users\\vivoz\\Documents\\WORK_FPGA\\Xilinx\\Vivado_project_on_Zturn\\with_new_board_def_file\\ver201604template\\ver201604template.sdk\\webtalk
# webtalk_register_client -client project
# webtalk_add_data -client project -key date_generated -value "2017-04-23 23:25:21" -context "software_version_and_target_device"
# webtalk_add_data -client project -key product_version -value "SDK v2016.4" -context "software_version_and_target_device"
# webtalk_add_data -client project -key build_version -value "2016.4" -context "software_version_and_target_device"
# webtalk_add_data -client project -key os_platform -value "amd64" -context "software_version_and_target_device"
# webtalk_add_data -client project -key registration_id -value "" -context "software_version_and_target_device"
# webtalk_add_data -client project -key tool_flow -value "SDK" -context "software_version_and_target_device"
# webtalk_add_data -client project -key beta -value "false" -context "software_version_and_target_device"
# webtalk_add_data -client project -key route_design -value "NA" -context "software_version_and_target_device"
# webtalk_add_data -client project -key target_family -value "NA" -context "software_version_and_target_device"
# webtalk_add_data -client project -key target_device -value "NA" -context "software_version_and_target_device"
# webtalk_add_data -client project -key target_package -value "NA" -context "software_version_and_target_device"
# webtalk_add_data -client project -key target_speed -value "NA" -context "software_version_and_target_device"
# webtalk_add_data -client project -key random_id -value "ca88roq8e2nhpjdgsel76khivp" -context "software_version_and_target_device"
# webtalk_add_data -client project -key project_id -value "2016.4_2" -context "software_version_and_target_device"
# webtalk_add_data -client project -key project_iteration -value "2" -context "software_version_and_target_device"
# webtalk_add_data -client project -key os_name -value "Microsoft Windows 8 or later , 64-bit" -context "user_environment"
# webtalk_add_data -client project -key os_release -value "major release  (build 9200)" -context "user_environment"
# webtalk_add_data -client project -key cpu_name -value "Intel(R) Core(TM) i5-6400 CPU @ 2.70GHz" -context "user_environment"
# webtalk_add_data -client project -key cpu_speed -value "2712 MHz" -context "user_environment"
# webtalk_add_data -client project -key total_processors -value "1" -context "user_environment"
# webtalk_add_data -client project -key system_ram -value "8.000 GB" -context "user_environment"
# webtalk_register_client -client sdk
# webtalk_add_data -client sdk -key uid -value "1492877588257" -context "sdk\\\\application/1492877588257"
# webtalk_add_data -client sdk -key hwid -value "1492693034457" -context "sdk\\\\application/1492877588257"
# webtalk_add_data -client sdk -key bspid -value "1492693499105" -context "sdk\\\\application/1492877588257"
# webtalk_add_data -client sdk -key newbsp -value "false" -context "sdk\\\\application/1492877588257"
# webtalk_add_data -client sdk -key os -value "standalone" -context "sdk\\\\application/1492877588257"
# webtalk_add_data -client sdk -key apptemplate -value "hello_world" -context "sdk\\\\application/1492877588257"
# webtalk_add_data -client sdk -key RecordType -value "APPCreation" -context "sdk\\\\application/1492877588257"
# webtalk_add_data -client sdk -key LangUsed -value "C" -context "sdk\\\\application/1492877588257"
# webtalk_add_data -client sdk -key Procused -value "ps7_cortexa9" -context "sdk\\\\application/1492877588257"
# webtalk_add_data -client sdk -key projSize -value "200.671875" -context "sdk\\\\application/1492877588257"
# webtalk_add_data -client sdk -key uid -value "1492959809094" -context "sdk\\\\bsp/1492959809094"
# webtalk_add_data -client sdk -key hwid -value "1492693034457" -context "sdk\\\\bsp/1492959809094"
# webtalk_add_data -client sdk -key os -value "standalone" -context "sdk\\\\bsp/1492959809094"
# webtalk_add_data -client sdk -key apptemplate -value "zynq_fsbl" -context "sdk\\\\bsp/1492959809094"
# webtalk_add_data -client sdk -key RecordType -value "BSPCreation" -context "sdk\\\\bsp/1492959809094"
# webtalk_add_data -client sdk -key uid -value "1492959821981" -context "sdk\\\\application/1492959821981"
# webtalk_add_data -client sdk -key hwid -value "1492693034457" -context "sdk\\\\application/1492959821981"
# webtalk_add_data -client sdk -key bspid -value "1492959809094" -context "sdk\\\\application/1492959821981"
# webtalk_add_data -client sdk -key newbsp -value "true" -context "sdk\\\\application/1492959821981"
# webtalk_add_data -client sdk -key os -value "standalone" -context "sdk\\\\application/1492959821981"
# webtalk_add_data -client sdk -key apptemplate -value "zynq_fsbl" -context "sdk\\\\application/1492959821981"
# webtalk_add_data -client sdk -key RecordType -value "APPCreation" -context "sdk\\\\application/1492959821981"
# webtalk_add_data -client sdk -key LangUsed -value "C" -context "sdk\\\\application/1492959821981"
# webtalk_add_data -client sdk -key Procused -value "ps7_cortexa9" -context "sdk\\\\application/1492959821981"
# webtalk_add_data -client sdk -key projSize -value "338.40625" -context "sdk\\\\application/1492959821981"
# webtalk_add_data -client sdk -key uid -value "NA" -context "sdk\\\\bsp/1492961120808"
# webtalk_add_data -client sdk -key RecordType -value "ToolUsage" -context "sdk\\\\bsp/1492961120808"
# webtalk_add_data -client sdk -key BootgenCount -value "0" -context "sdk\\\\bsp/1492961120808"
# webtalk_add_data -client sdk -key DebugCount -value "38" -context "sdk\\\\bsp/1492961120808"
# webtalk_add_data -client sdk -key PerfCount -value "0" -context "sdk\\\\bsp/1492961120808"
# webtalk_add_data -client sdk -key FlashCount -value "0" -context "sdk\\\\bsp/1492961120808"
# webtalk_add_data -client sdk -key CrossTriggCount -value "0" -context "sdk\\\\bsp/1492961120808"
# webtalk_add_data -client sdk -key QemuDebugCount -value "0" -context "sdk\\\\bsp/1492961120808"
# webtalk_transmit -clientid 341763486 -regid "" -xml C:\\Users\\vivoz\\Documents\\WORK_FPGA\\Xilinx\\Vivado_project_on_Zturn\\with_new_board_def_file\\ver201604template\\ver201604template.sdk\\webtalk\\usage_statistics_ext_sdk.xml -html C:\\Users\\vivoz\\Documents\\WORK_FPGA\\Xilinx\\Vivado_project_on_Zturn\\with_new_board_def_file\\ver201604template\\ver201604template.sdk\\webtalk\\usage_statistics_ext_sdk.html -wdm C:\\Users\\vivoz\\Documents\\WORK_FPGA\\Xilinx\\Vivado_project_on_Zturn\\with_new_board_def_file\\ver201604template\\ver201604template.sdk\\webtalk\\sdk_webtalk.wdm -intro "<H3>SDK Usage Report</H3><BR>"
INFO: [Common 17-186] 'C:\Users\vivoz\Documents\WORK_FPGA\Xilinx\Vivado_project_on_Zturn\with_new_board_def_file\ver201604template\ver201604template.sdk\webtalk\usage_statistics_ext_sdk.xml' has been successfully sent to Xilinx on Sun Apr 23 23:25:32 2017. For additional details about this file, please refer to the WebTalk help file at C:/Xilinx/SDK/2016.4/doc/webtalk_introduction.html.
# webtalk_terminate
INFO: [Common 17-206] Exiting Webtalk at Sun Apr 23 23:25:32 2017...
