Copyright 1986-2016 Xilinx, Inc. All Rights Reserved.
------------------------------------------------------------------------------------
| Tool Version : Vivado v.2016.4 (win64) Build 1756540 Mon Jan 23 19:11:23 MST 2017
| Date         : Fri May 05 02:00:22 2017
| Host         : DESKTOP-UTEFEFF running 64-bit major release  (build 9200)
| Command      : report_drc -file basicZturn_wrapper_drc_opted.rpt
| Design       : basicZturn_wrapper
| Device       : xc7z020clg400-1
| Speed File   : -1
| Design State : Synthesized
------------------------------------------------------------------------------------

Report DRC

Table of Contents
-----------------
1. REPORT SUMMARY
2. REPORT DETAILS

1. REPORT SUMMARY
-----------------
            Netlist: netlist
          Floorplan: design_1
      Design limits: <entire design considered>
           Ruledeck: default
             Max violations: <unlimited>
             Violations found: 3
+--------+----------+------------------------+------------+
| Rule   | Severity | Description            | Violations |
+--------+----------+------------------------+------------+
| DPIP-1 | Warning  | Input pipelining       | 2          |
| DPOP-1 | Warning  | PREG Output pipelining | 1          |
+--------+----------+------------------------+------------+

2. REPORT DETAILS
-----------------
DPIP-1#1 Warning
Input pipelining  
DSP basicZturn_i/addition_0/inst/addition_v1_0_S00_AXI_inst/addition_mainInstance/productReg_reg input basicZturn_i/addition_0/inst/addition_v1_0_S00_AXI_inst/addition_mainInstance/productReg_reg/A[29:0] is not pipelined. Pipelining DSP48 input will improve performance.
Related violations: <none>

DPIP-1#2 Warning
Input pipelining  
DSP basicZturn_i/addition_0/inst/addition_v1_0_S00_AXI_inst/addition_mainInstance/productReg_reg input basicZturn_i/addition_0/inst/addition_v1_0_S00_AXI_inst/addition_mainInstance/productReg_reg/B[17:0] is not pipelined. Pipelining DSP48 input will improve performance.
Related violations: <none>

DPOP-1#1 Warning
PREG Output pipelining  
DSP basicZturn_i/addition_0/inst/addition_v1_0_S00_AXI_inst/addition_mainInstance/productReg_reg output basicZturn_i/addition_0/inst/addition_v1_0_S00_AXI_inst/addition_mainInstance/productReg_reg/P[47:0] is not pipelined (PREG=0). Pipelining the DSP48 output will improve performance and often saves power so it is suggested whenever possible to fully pipeline this function.  If this DSP48 function was inferred, it is suggested to describe an additional register stage after this function.  If the DSP48 was instantiated in the design, it is suggested to set the PREG attribute to 1.
Related violations: <none>


