
*** Running vivado
    with args -log basicZturn_processing_system7_0_0.vds -m64 -product Vivado -mode batch -messageDb vivado.pb -notrace -source basicZturn_processing_system7_0_0.tcl


****** Vivado v2016.4 (64-bit)
  **** SW Build 1756540 on Mon Jan 23 19:11:23 MST 2017
  **** IP Build 1755317 on Mon Jan 23 20:30:07 MST 2017
    ** Copyright 1986-2016 Xilinx, Inc. All Rights Reserved.

source basicZturn_processing_system7_0_0.tcl -notrace
Starting RTL Elaboration : Time (s): cpu = 00:00:06 ; elapsed = 00:00:17 . Memory (MB): peak = 303.645 ; gain = 93.402
INFO: [Synth 8-638] synthesizing module 'basicZturn_processing_system7_0_0' [c:/Users/vivoz/Documents/WORK_FPGA/Xilinx/ver201604template/ver201604template.srcs/sources_1/bd/basicZturn/ip/basicZturn_processing_system7_0_0/synth/basicZturn_processing_system7_0_0.v:60]
INFO: [Synth 8-638] synthesizing module 'processing_system7_v5_5_processing_system7' [c:/Users/vivoz/Documents/WORK_FPGA/Xilinx/ver201604template/ver201604template.srcs/sources_1/bd/basicZturn/ip/basicZturn_processing_system7_0_0/hdl/verilog/processing_system7_v5_5_processing_system7.v:162]
INFO: [Synth 8-638] synthesizing module 'BUFG' [C:/Xilinx/Vivado/2016.4/scripts/rt/data/unisim_comp.v:607]
INFO: [Synth 8-256] done synthesizing module 'BUFG' (1#1) [C:/Xilinx/Vivado/2016.4/scripts/rt/data/unisim_comp.v:607]
INFO: [Synth 8-638] synthesizing module 'BIBUF' [C:/Xilinx/Vivado/2016.4/scripts/rt/data/unisim_comp.v:268]
INFO: [Synth 8-256] done synthesizing module 'BIBUF' (2#1) [C:/Xilinx/Vivado/2016.4/scripts/rt/data/unisim_comp.v:268]
INFO: [Synth 8-638] synthesizing module 'PS7' [C:/Xilinx/Vivado/2016.4/scripts/rt/data/unisim_comp.v:33182]
INFO: [Synth 8-256] done synthesizing module 'PS7' (3#1) [C:/Xilinx/Vivado/2016.4/scripts/rt/data/unisim_comp.v:33182]
INFO: [Synth 8-256] done synthesizing module 'processing_system7_v5_5_processing_system7' (4#1) [c:/Users/vivoz/Documents/WORK_FPGA/Xilinx/ver201604template/ver201604template.srcs/sources_1/bd/basicZturn/ip/basicZturn_processing_system7_0_0/hdl/verilog/processing_system7_v5_5_processing_system7.v:162]
INFO: [Synth 8-256] done synthesizing module 'basicZturn_processing_system7_0_0' (5#1) [c:/Users/vivoz/Documents/WORK_FPGA/Xilinx/ver201604template/ver201604template.srcs/sources_1/bd/basicZturn/ip/basicZturn_processing_system7_0_0/synth/basicZturn_processing_system7_0_0.v:60]
Finished RTL Elaboration : Time (s): cpu = 00:00:07 ; elapsed = 00:00:19 . Memory (MB): peak = 341.898 ; gain = 131.656
Finished RTL Optimization Phase 1 : Time (s): cpu = 00:00:07 ; elapsed = 00:00:19 . Memory (MB): peak = 341.898 ; gain = 131.656
INFO: [Device 21-403] Loading part xc7z020clg400-1
Constraint Validation Runtime : Time (s): cpu = 00:00:00 ; elapsed = 00:00:00.063 . Memory (MB): peak = 584.496 ; gain = 0.000
Finished Constraint Validation : Time (s): cpu = 00:00:16 ; elapsed = 00:00:32 . Memory (MB): peak = 584.496 ; gain = 374.254
Finished Loading Part and Timing Information : Time (s): cpu = 00:00:16 ; elapsed = 00:00:32 . Memory (MB): peak = 584.496 ; gain = 374.254
Finished applying 'set_property' XDC Constraints : Time (s): cpu = 00:00:17 ; elapsed = 00:00:33 . Memory (MB): peak = 584.496 ; gain = 374.254
Finished RTL Optimization Phase 2 : Time (s): cpu = 00:00:17 ; elapsed = 00:00:34 . Memory (MB): peak = 584.496 ; gain = 374.254
Finished Cross Boundary and Area Optimization : Time (s): cpu = 00:00:18 ; elapsed = 00:00:34 . Memory (MB): peak = 584.496 ; gain = 374.254
Finished Applying XDC Timing Constraints : Time (s): cpu = 00:00:28 ; elapsed = 00:00:46 . Memory (MB): peak = 786.617 ; gain = 576.375
Finished Timing Optimization : Time (s): cpu = 00:00:28 ; elapsed = 00:00:47 . Memory (MB): peak = 802.648 ; gain = 592.406
Finished Technology Mapping : Time (s): cpu = 00:00:29 ; elapsed = 00:00:50 . Memory (MB): peak = 807.445 ; gain = 597.203
Finished IO Insertion : Time (s): cpu = 00:00:31 ; elapsed = 00:00:52 . Memory (MB): peak = 807.445 ; gain = 597.203
Finished Renaming Generated Instances : Time (s): cpu = 00:00:31 ; elapsed = 00:00:52 . Memory (MB): peak = 807.445 ; gain = 597.203
Finished Rebuilding User Hierarchy : Time (s): cpu = 00:00:31 ; elapsed = 00:00:52 . Memory (MB): peak = 807.445 ; gain = 597.203
Finished Renaming Generated Ports : Time (s): cpu = 00:00:31 ; elapsed = 00:00:52 . Memory (MB): peak = 807.445 ; gain = 597.203
Finished Handling Custom Attributes : Time (s): cpu = 00:00:31 ; elapsed = 00:00:53 . Memory (MB): peak = 807.445 ; gain = 597.203
Finished Renaming Generated Nets : Time (s): cpu = 00:00:31 ; elapsed = 00:00:53 . Memory (MB): peak = 807.445 ; gain = 597.203

Report Cell Usage: 
+------+------+------+
|      |Cell  |Count |
+------+------+------+
|1     |BIBUF |   130|
|2     |BUFG  |     2|
|3     |LUT1  |   112|
|4     |PS7   |     1|
+------+------+------+
Finished Writing Synthesis Report : Time (s): cpu = 00:00:31 ; elapsed = 00:00:53 . Memory (MB): peak = 807.445 ; gain = 597.203
synth_design: Time (s): cpu = 00:00:31 ; elapsed = 00:00:46 . Memory (MB): peak = 830.289 ; gain = 602.645
